-------------------------------------------------------------------------------
Test set: com.TIComoApp.TIComo.RestauranteControllerTest
-------------------------------------------------------------------------------
Tests run: 5, Failures: 1, Errors: 0, Skipped: 0, Time elapsed: 0.933 s <<< FAILURE! - in com.TIComoApp.TIComo.RestauranteControllerTest
testActualizarRestaurante  Time elapsed: 0.307 s  <<< FAILURE!
org.opentest4j.AssertionFailedError: expected: <tlfFormErr> but was: <restaurante@prueba.com>
	at com.TIComoApp.TIComo.RestauranteControllerTest.testActualizarRestaurante(RestauranteControllerTest.java:66)

