-------------------------------------------------------------------------------
Test set: com.TIComoApp.TIComo.AdminControllerTest
-------------------------------------------------------------------------------
Tests run: 5, Failures: 1, Errors: 0, Skipped: 0, Time elapsed: 6.366 s <<< FAILURE! - in com.TIComoApp.TIComo.AdminControllerTest
testActualizarAdmin  Time elapsed: 1.15 s  <<< FAILURE!
org.opentest4j.AssertionFailedError: expected: <emailFormato> but was: <Toledo@gmail>
	at com.TIComoApp.TIComo.AdminControllerTest.testActualizarAdmin(AdminControllerTest.java:67)

