-------------------------------------------------------------------------------
Test set: com.TIComoApp.TIComo.AuthenticationControllerTest
-------------------------------------------------------------------------------
Tests run: 2, Failures: 1, Errors: 0, Skipped: 0, Time elapsed: 1.257 s <<< FAILURE! - in com.TIComoApp.TIComo.AuthenticationControllerTest
loginTest  Time elapsed: 0.842 s  <<< FAILURE!
org.opentest4j.AssertionFailedError: expected: <{"respuesta":"riderLogin","idRider":"63624be447774a5c1af31a2c"}> but was: <{"respuesta":"riderLogin"}>
	at com.TIComoApp.TIComo.AuthenticationControllerTest.loginTest(AuthenticationControllerTest.java:43)

