<?xml version="1.0" encoding="UTF-8"?>
<testsuite xmlns:xsi="http://www.w3.org/2001/XMLSchema-instance" xsi:noNamespaceSchemaLocation="https://maven.apache.org/surefire/maven-surefire-plugin/xsd/surefire-test-report.xsd" name="com.TIComoApp.TIComo.AdminControllerTest" time="6.366" tests="5" errors="0" skipped="0" failures="1">
  <properties>
[...]
</properties>
  <testcase name="testActualizarAdmin" classname="com.TIComoApp.TIComo.AdminControllerTest" time="1.15">
    <failure message="expected: &lt;emailFormato&gt; but was: &lt;Toledo@gmail&gt;" type="org.opentest4j.AssertionFailedError"><![CDATA[org.opentest4j.AssertionFailedError: expected: <emailFormato> but was: <Toledo@gmail>
	at com.TIComoApp.TIComo.AdminControllerTest.testActualizarAdmin(AdminControllerTest.java:67)
]]></failure>
    <system-out><![CDATA[02:49:09.451 [main] DEBUG org.springframework.test.context.BootstrapUtils - Instantiating CacheAwareContextLoaderDelegate from class [org.springframework.test.context.cache.DefaultCacheAwareContextLoaderDelegate]
02:49:09.472 [main] DEBUG org.springframework.test.context.BootstrapUtils - Instantiating BootstrapContext using constructor [public org.springframework.test.context.support.DefaultBootstrapContext(java.lang.Class,org.springframework.test.context.CacheAwareContextLoaderDelegate)]
02:49:09.546 [main] DEBUG org.springframework.test.context.BootstrapUtils - Instantiating TestContextBootstrapper for test class [com.TIComoApp.TIComo.AdminControllerTest] from class [org.springframework.boot.test.context.SpringBootTestContextBootstrapper]
02:49:09.566 [main] INFO org.springframework.boot.test.context.SpringBootTestContextBootstrapper - Neither @ContextConfiguration nor @ContextHierarchy found for test class [com.TIComoApp.TIComo.AdminControllerTest], using SpringBootContextLoader
02:49:09.573 [main] DEBUG org.springframework.test.context.support.AbstractContextLoader - Did not detect default resource location for test class [com.TIComoApp.TIComo.AdminControllerTest]: class path resource [com/TIComoApp/TIComo/AdminControllerTest-context.xml] does not exist
02:49:09.573 [main] DEBUG org.springframework.test.context.support.AbstractContextLoader - Did not detect default resource location for test class [com.TIComoApp.TIComo.AdminControllerTest]: class path resource [com/TIComoApp/TIComo/AdminControllerTestContext.groovy] does not exist
02:49:09.574 [main] INFO org.springframework.test.context.support.AbstractContextLoader - Could not detect default resource locations for test class [com.TIComoApp.TIComo.AdminControllerTest]: no resource found for suffixes {-context.xml, Context.groovy}.
02:49:09.575 [main] INFO org.springframework.test.context.support.AnnotationConfigContextLoaderUtils - Could not detect default configuration classes for test class [com.TIComoApp.TIComo.AdminControllerTest]: AdminControllerTest does not declare any static, non-private, non-final, nested classes annotated with @Configuration.
02:49:09.650 [main] DEBUG org.springframework.test.context.support.ActiveProfilesUtils - Could not find an 'annotation declaring class' for annotation type [org.springframework.test.context.ActiveProfiles] and class [com.TIComoApp.TIComo.AdminControllerTest]
02:49:09.765 [main] DEBUG org.springframework.context.annotation.ClassPathScanningCandidateComponentProvider - Identified candidate component class: file [C:\Users\Usuario\Downloads\TIComo-master\target\classes\com\TIComoApp\TIComo\TiComoApplication.class]
02:49:09.766 [main] INFO org.springframework.boot.test.context.SpringBootTestContextBootstrapper - Found @SpringBootConfiguration com.TIComoApp.TIComo.TiComoApplication for test class com.TIComoApp.TIComo.AdminControllerTest
02:49:09.921 [main] DEBUG org.springframework.boot.test.context.SpringBootTestContextBootstrapper - @TestExecutionListeners is not present for class [com.TIComoApp.TIComo.AdminControllerTest]: using defaults.
02:49:09.921 [main] INFO org.springframework.boot.test.context.SpringBootTestContextBootstrapper - Loaded default TestExecutionListener class names from location [META-INF/spring.factories]: [org.springframework.boot.test.mock.mockito.MockitoTestExecutionListener, org.springframework.boot.test.mock.mockito.ResetMocksTestExecutionListener, org.springframework.boot.test.autoconfigure.restdocs.RestDocsTestExecutionListener, org.springframework.boot.test.autoconfigure.web.client.MockRestServiceServerResetTestExecutionListener, org.springframework.boot.test.autoconfigure.web.servlet.MockMvcPrintOnlyOnFailureTestExecutionListener, org.springframework.boot.test.autoconfigure.web.servlet.WebDriverTestExecutionListener, org.springframework.boot.test.autoconfigure.webservices.client.MockWebServiceServerTestExecutionListener, org.springframework.test.context.web.ServletTestExecutionListener, org.springframework.test.context.support.DirtiesContextBeforeModesTestExecutionListener, org.springframework.test.context.event.ApplicationEventsTestExecutionListener, org.springframework.test.context.support.DependencyInjectionTestExecutionListener, org.springframework.test.context.support.DirtiesContextTestExecutionListener, org.springframework.test.context.transaction.TransactionalTestExecutionListener, org.springframework.test.context.jdbc.SqlScriptsTestExecutionListener, org.springframework.test.context.event.EventPublishingTestExecutionListener]
02:49:09.949 [main] INFO org.springframework.boot.test.context.SpringBootTestContextBootstrapper - Using TestExecutionListeners: [org.springframework.test.context.web.ServletTestExecutionListener@67e11bda, org.springframework.test.context.support.DirtiesContextBeforeModesTestExecutionListener@341ccfd1, org.springframework.test.context.event.ApplicationEventsTestExecutionListener@5bde6148, org.springframework.boot.test.mock.mockito.MockitoTestExecutionListener@3cead673, org.springframework.boot.test.autoconfigure.SpringBootDependencyInjectionTestExecutionListener@53ba25ff, org.springframework.test.context.support.DirtiesContextTestExecutionListener@10a0a1e, org.springframework.test.context.transaction.TransactionalTestExecutionListener@2976ef56, org.springframework.test.context.jdbc.SqlScriptsTestExecutionListener@4345fd45, org.springframework.test.context.event.EventPublishingTestExecutionListener@4152bd0f, org.springframework.boot.test.mock.mockito.ResetMocksTestExecutionListener@10d905c1, org.springframework.boot.test.autoconfigure.restdocs.RestDocsTestExecutionListener@e4b54d3, org.springframework.boot.test.autoconfigure.web.client.MockRestServiceServerResetTestExecutionListener@62883f8a, org.springframework.boot.test.autoconfigure.web.servlet.MockMvcPrintOnlyOnFailureTestExecutionListener@36665c11, org.springframework.boot.test.autoconfigure.web.servlet.WebDriverTestExecutionListener@6e49b011, org.springframework.boot.test.autoconfigure.webservices.client.MockWebServiceServerTestExecutionListener@3a709cc7]
02:49:09.955 [main] DEBUG org.springframework.test.context.support.AbstractDirtiesContextTestExecutionListener - Before test class: context [DefaultTestContext@11bfd751 testClass = AdminControllerTest, testInstance = [null], testMethod = [null], testException = [null], mergedContextConfiguration = [WebMergedContextConfiguration@29519337 testClass = AdminControllerTest, locations = '{}', classes = '{class com.TIComoApp.TIComo.TiComoApplication}', contextInitializerClasses = '[]', activeProfiles = '{}', propertySourceLocations = '{}', propertySourceProperties = '{org.springframework.boot.test.context.SpringBootTestContextBootstrapper=true}', contextCustomizers = set[org.springframework.boot.test.context.filter.ExcludeFilterContextCustomizer@7ddd84b5, org.springframework.boot.test.json.DuplicateJsonObjectContextCustomizerFactory$DuplicateJsonObjectContextCustomizer@1e1eeedd, org.springframework.boot.test.mock.mockito.MockitoContextCustomizer@0, org.springframework.boot.test.web.client.TestRestTemplateContextCustomizer@1b410308, org.springframework.boot.test.autoconfigure.actuate.metrics.MetricsExportContextCustomizerFactory$DisableMetricExportContextCustomizer@32eae6f2, org.springframework.boot.test.autoconfigure.properties.PropertyMappingContextCustomizer@0, org.springframework.boot.test.autoconfigure.web.servlet.WebDriverContextCustomizerFactory$Customizer@448b808a, org.springframework.boot.test.context.SpringBootTestArgs@1, org.springframework.boot.test.context.SpringBootTestWebEnvironment@7203c7ff], resourceBasePath = 'src/main/webapp', contextLoader = 'org.springframework.boot.test.context.SpringBootContextLoader', parent = [null]], attributes = map['org.springframework.test.context.web.ServletTestExecutionListener.activateListener' -> true]], class annotated with @DirtiesContext [false] with mode [null].

  .   ____          _            __ _ _
 /\\ / ___'_ __ _ _(_)_ __  __ _ \ \ \ \
( ( )\___ | '_ | '_| | '_ \/ _` | \ \ \ \
 \\/  ___)| |_)| | | | | || (_| |  ) ) ) )
  '  |____| .__|_| |_|_| |_\__, | / / / /
 =========|_|==============|___/=/_/_/_/
 :: Spring Boot ::               (v2.6.13)

2022-11-24 02:49:10.419  INFO 7564 --- [           main] c.TIComoApp.TIComo.AdminControllerTest   : Starting AdminControllerTest using Java 1.8.0_261 on DESKTOP-NKSQE6F with PID 7564 (started by Usuario in C:\Users\Usuario\Downloads\TIComo-master)
2022-11-24 02:49:10.420  INFO 7564 --- [           main] c.TIComoApp.TIComo.AdminControllerTest   : No active profile set, falling back to 1 default profile: "default"
2022-11-24 02:49:11.086  INFO 7564 --- [           main] .s.d.r.c.RepositoryConfigurationDelegate : Bootstrapping Spring Data MongoDB repositories in DEFAULT mode.
2022-11-24 02:49:11.170  INFO 7564 --- [           main] .s.d.r.c.RepositoryConfigurationDelegate : Finished Spring Data repository scanning in 76 ms. Found 8 MongoDB repository interfaces.
2022-11-24 02:49:12.111  INFO 7564 --- [           main] org.mongodb.driver.cluster               : Cluster created with settings {hosts=[127.0.0.1:27017], srvHost=cluster0.pqr74zf.mongodb.net, mode=MULTIPLE, requiredClusterType=REPLICA_SET, serverSelectionTimeout='30000 ms', requiredReplicaSetName='atlas-aorljr-shard-0'}
2022-11-24 02:49:12.186  INFO 7564 --- [4zf.mongodb.net] org.mongodb.driver.cluster               : Adding discovered server ac-f2hhzyx-shard-00-00.pqr74zf.mongodb.net:27017 to client view of cluster
2022-11-24 02:49:12.235  INFO 7564 --- [4zf.mongodb.net] org.mongodb.driver.cluster               : Adding discovered server ac-f2hhzyx-shard-00-01.pqr74zf.mongodb.net:27017 to client view of cluster
2022-11-24 02:49:12.236  INFO 7564 --- [4zf.mongodb.net] org.mongodb.driver.cluster               : Adding discovered server ac-f2hhzyx-shard-00-02.pqr74zf.mongodb.net:27017 to client view of cluster
2022-11-24 02:49:13.297  INFO 7564 --- [ngodb.net:27017] org.mongodb.driver.connection            : Opened connection [connectionId{localValue:6, serverValue:37381}] to ac-f2hhzyx-shard-00-02.pqr74zf.mongodb.net:27017
2022-11-24 02:49:13.297  INFO 7564 --- [ngodb.net:27017] org.mongodb.driver.connection            : Opened connection [connectionId{localValue:3, serverValue:38131}] to ac-f2hhzyx-shard-00-00.pqr74zf.mongodb.net:27017
2022-11-24 02:49:13.297  INFO 7564 --- [ngodb.net:27017] org.mongodb.driver.connection            : Opened connection [connectionId{localValue:5, serverValue:37389}] to ac-f2hhzyx-shard-00-02.pqr74zf.mongodb.net:27017
2022-11-24 02:49:13.297  INFO 7564 --- [ngodb.net:27017] org.mongodb.driver.connection            : Opened connection [connectionId{localValue:1, serverValue:35983}] to ac-f2hhzyx-shard-00-01.pqr74zf.mongodb.net:27017
2022-11-24 02:49:13.297  INFO 7564 --- [ngodb.net:27017] org.mongodb.driver.connection            : Opened connection [connectionId{localValue:4, serverValue:35983}] to ac-f2hhzyx-shard-00-01.pqr74zf.mongodb.net:27017
2022-11-24 02:49:13.297  INFO 7564 --- [ngodb.net:27017] org.mongodb.driver.connection            : Opened connection [connectionId{localValue:2, serverValue:38131}] to ac-f2hhzyx-shard-00-00.pqr74zf.mongodb.net:27017
2022-11-24 02:49:13.301  INFO 7564 --- [ngodb.net:27017] org.mongodb.driver.cluster               : Monitor thread successfully connected to server with description ServerDescription{address=ac-f2hhzyx-shard-00-00.pqr74zf.mongodb.net:27017, type=REPLICA_SET_SECONDARY, state=CONNECTED, ok=true, minWireVersion=0, maxWireVersion=13, maxDocumentSize=16777216, logicalSessionTimeoutMinutes=30, roundTripTimeNanos=472051600, setName='atlas-aorljr-shard-0', canonicalAddress=ac-f2hhzyx-shard-00-00.pqr74zf.mongodb.net:27017, hosts=[ac-f2hhzyx-shard-00-01.pqr74zf.mongodb.net:27017, ac-f2hhzyx-shard-00-00.pqr74zf.mongodb.net:27017, ac-f2hhzyx-shard-00-02.pqr74zf.mongodb.net:27017], passives=[], arbiters=[], primary='ac-f2hhzyx-shard-00-02.pqr74zf.mongodb.net:27017', tagSet=TagSet{[Tag{name='nodeType', value='ELECTABLE'}, Tag{name='provider', value='AWS'}, Tag{name='region', value='EU_WEST_1'}, Tag{name='workloadType', value='OPERATIONAL'}]}, electionId=null, setVersion=7, topologyVersion=TopologyVersion{processId=637cd8cfa6dfea5b9b482217, counter=5}, lastWriteDate=Thu Nov 24 02:49:13 CET 2022, lastUpdateTimeNanos=691912260325000}
2022-11-24 02:49:13.301  INFO 7564 --- [ngodb.net:27017] org.mongodb.driver.cluster               : Monitor thread successfully connected to server with description ServerDescription{address=ac-f2hhzyx-shard-00-01.pqr74zf.mongodb.net:27017, type=REPLICA_SET_SECONDARY, state=CONNECTED, ok=true, minWireVersion=0, maxWireVersion=13, maxDocumentSize=16777216, logicalSessionTimeoutMinutes=30, roundTripTimeNanos=459490400, setName='atlas-aorljr-shard-0', canonicalAddress=ac-f2hhzyx-shard-00-01.pqr74zf.mongodb.net:27017, hosts=[ac-f2hhzyx-shard-00-01.pqr74zf.mongodb.net:27017, ac-f2hhzyx-shard-00-00.pqr74zf.mongodb.net:27017, ac-f2hhzyx-shard-00-02.pqr74zf.mongodb.net:27017], passives=[], arbiters=[], primary='ac-f2hhzyx-shard-00-02.pqr74zf.mongodb.net:27017', tagSet=TagSet{[Tag{name='nodeType', value='ELECTABLE'}, Tag{name='provider', value='AWS'}, Tag{name='region', value='EU_WEST_1'}, Tag{name='workloadType', value='OPERATIONAL'}]}, electionId=null, setVersion=7, topologyVersion=TopologyVersion{processId=637cdbad0be05c2b9ba1fd11, counter=3}, lastWriteDate=Thu Nov 24 02:49:13 CET 2022, lastUpdateTimeNanos=691912260325000}
2022-11-24 02:49:13.301  INFO 7564 --- [ngodb.net:27017] org.mongodb.driver.cluster               : Monitor thread successfully connected to server with description ServerDescription{address=ac-f2hhzyx-shard-00-02.pqr74zf.mongodb.net:27017, type=REPLICA_SET_PRIMARY, state=CONNECTED, ok=true, minWireVersion=0, maxWireVersion=13, maxDocumentSize=16777216, logicalSessionTimeoutMinutes=30, roundTripTimeNanos=462421700, setName='atlas-aorljr-shard-0', canonicalAddress=ac-f2hhzyx-shard-00-02.pqr74zf.mongodb.net:27017, hosts=[ac-f2hhzyx-shard-00-01.pqr74zf.mongodb.net:27017, ac-f2hhzyx-shard-00-00.pqr74zf.mongodb.net:27017, ac-f2hhzyx-shard-00-02.pqr74zf.mongodb.net:27017], passives=[], arbiters=[], primary='ac-f2hhzyx-shard-00-02.pqr74zf.mongodb.net:27017', tagSet=TagSet{[Tag{name='nodeType', value='ELECTABLE'}, Tag{name='provider', value='AWS'}, Tag{name='region', value='EU_WEST_1'}, Tag{name='workloadType', value='OPERATIONAL'}]}, electionId=7fffffff0000000000000060, setVersion=7, topologyVersion=TopologyVersion{processId=637cda48a3f23cddb94ef8f1, counter=6}, lastWriteDate=Thu Nov 24 02:49:13 CET 2022, lastUpdateTimeNanos=691912260325100}
2022-11-24 02:49:13.307  INFO 7564 --- [ngodb.net:27017] org.mongodb.driver.cluster               : Setting max election id to 7fffffff0000000000000060 from replica set primary ac-f2hhzyx-shard-00-02.pqr74zf.mongodb.net:27017
2022-11-24 02:49:13.307  INFO 7564 --- [ngodb.net:27017] org.mongodb.driver.cluster               : Setting max set version to 7 from replica set primary ac-f2hhzyx-shard-00-02.pqr74zf.mongodb.net:27017
2022-11-24 02:49:13.307  INFO 7564 --- [ngodb.net:27017] org.mongodb.driver.cluster               : Discovered replica set primary ac-f2hhzyx-shard-00-02.pqr74zf.mongodb.net:27017
2022-11-24 02:49:13.614  INFO 7564 --- [           main] c.TIComoApp.TIComo.AdminControllerTest   : Started AdminControllerTest in 3.583 seconds (JVM running for 5.392)
2022-11-24 02:49:14.524  INFO 7564 --- [           main] org.mongodb.driver.connection            : Opened connection [connectionId{localValue:7, serverValue:36812}] to ac-f2hhzyx-shard-00-02.pqr74zf.mongodb.net:27017
]]></system-out>
  </testcase>
  <testcase name="testIndex" classname="com.TIComoApp.TIComo.AdminControllerTest" time="0.084"/>
  <testcase name="testObtenerAdmin" classname="com.TIComoApp.TIComo.AdminControllerTest" time="0.077"/>
  <testcase name="testCrearAdmin" classname="com.TIComoApp.TIComo.AdminControllerTest" time="0.527"/>
  <testcase name="testEliminarAdmin" classname="com.TIComoApp.TIComo.AdminControllerTest" time="0.242"/>
</testsuite>